2019-12-30 08:17:41.990 [main] WARN  tk.mybatis.spring.mapper.ClassPathMapperScanner - Skipping MapperFactoryBean with name 'barProcessHistoryMapper' and 'com.cisdi.info.mapper.BarProcessHistoryMapper' mapperInterface. Bean already defined with the same name!
2019-12-30 08:17:41.990 [main] WARN  tk.mybatis.spring.mapper.ClassPathMapperScanner - Skipping MapperFactoryBean with name 'categoryTemplateMapper' and 'com.cisdi.info.mapper.CategoryTemplateMapper' mapperInterface. Bean already defined with the same name!
2019-12-30 08:17:41.990 [main] WARN  tk.mybatis.spring.mapper.ClassPathMapperScanner - Skipping MapperFactoryBean with name 'dataBaseCollectMapper' and 'com.cisdi.info.mapper.DataBaseCollectMapper' mapperInterface. Bean already defined with the same name!
2019-12-30 08:17:41.991 [main] WARN  tk.mybatis.spring.mapper.ClassPathMapperScanner - Skipping MapperFactoryBean with name 'dataCollectMapper' and 'com.cisdi.info.mapper.DataCollectMapper' mapperInterface. Bean already defined with the same name!
2019-12-30 08:17:41.991 [main] WARN  tk.mybatis.spring.mapper.ClassPathMapperScanner - Skipping MapperFactoryBean with name 'dataGenerateMapper' and 'com.cisdi.info.mapper.DataGenerateMapper' mapperInterface. Bean already defined with the same name!
2019-12-30 08:17:41.991 [main] WARN  tk.mybatis.spring.mapper.ClassPathMapperScanner - Skipping MapperFactoryBean with name 'deleteDynamicTrackDataMapper' and 'com.cisdi.info.mapper.DeleteDynamicTrackDataMapper' mapperInterface. Bean already defined with the same name!
2019-12-30 08:17:41.991 [main] WARN  tk.mybatis.spring.mapper.ClassPathMapperScanner - Skipping MapperFactoryBean with name 'deleteDynamicTrackTempDataMapper' and 'com.cisdi.info.mapper.DeleteDynamicTrackTempDataMapper' mapperInterface. Bean already defined with the same name!
2019-12-30 08:17:41.991 [main] WARN  tk.mybatis.spring.mapper.ClassPathMapperScanner - Skipping MapperFactoryBean with name 'documentMapper' and 'com.cisdi.info.mapper.DocumentMapper' mapperInterface. Bean already defined with the same name!
2019-12-30 08:17:41.991 [main] WARN  tk.mybatis.spring.mapper.ClassPathMapperScanner - Skipping MapperFactoryBean with name 'dynamicTrackDataMapper' and 'com.cisdi.info.mapper.DynamicTrackDataMapper' mapperInterface. Bean already defined with the same name!
2019-12-30 08:17:41.991 [main] WARN  tk.mybatis.spring.mapper.ClassPathMapperScanner - Skipping MapperFactoryBean with name 'dynamicTrackTempDataMapper' and 'com.cisdi.info.mapper.DynamicTrackTempDataMapper' mapperInterface. Bean already defined with the same name!
2019-12-30 08:17:41.991 [main] WARN  tk.mybatis.spring.mapper.ClassPathMapperScanner - Skipping MapperFactoryBean with name 'energyManagerMapper' and 'com.cisdi.info.mapper.EnergyManagerMapper' mapperInterface. Bean already defined with the same name!
2019-12-30 08:17:41.991 [main] WARN  tk.mybatis.spring.mapper.ClassPathMapperScanner - Skipping MapperFactoryBean with name 'gasHotValueDataMapper' and 'com.cisdi.info.mapper.GasHotValueDataMapper' mapperInterface. Bean already defined with the same name!
2019-12-30 08:17:41.991 [main] WARN  tk.mybatis.spring.mapper.ClassPathMapperScanner - Skipping MapperFactoryBean with name 'matterDataMapper' and 'com.cisdi.info.mapper.MatterDataMapper' mapperInterface. Bean already defined with the same name!
2019-12-30 08:17:41.991 [main] WARN  tk.mybatis.spring.mapper.ClassPathMapperScanner - Skipping MapperFactoryBean with name 'menuMapper' and 'com.cisdi.info.mapper.MenuMapper' mapperInterface. Bean already defined with the same name!
2019-12-30 08:17:41.991 [main] WARN  tk.mybatis.spring.mapper.ClassPathMapperScanner - Skipping MapperFactoryBean with name 'prdCurStatusLineMapper' and 'com.cisdi.info.mapper.PrdCurStatusLineMapper' mapperInterface. Bean already defined with the same name!
2019-12-30 08:17:41.991 [main] WARN  tk.mybatis.spring.mapper.ClassPathMapperScanner - Skipping MapperFactoryBean with name 'prdCurStatusRollstandMapper' and 'com.cisdi.info.mapper.PrdCurStatusRollstandMapper' mapperInterface. Bean already defined with the same name!
2019-12-30 08:17:41.991 [main] WARN  tk.mybatis.spring.mapper.ClassPathMapperScanner - Skipping MapperFactoryBean with name 'prdDetailDayMapper' and 'com.cisdi.info.mapper.PrdDetailDayMapper' mapperInterface. Bean already defined with the same name!
2019-12-30 08:17:41.991 [main] WARN  tk.mybatis.spring.mapper.ClassPathMapperScanner - Skipping MapperFactoryBean with name 'prdStatisticsDayMapper' and 'com.cisdi.info.mapper.PrdStatisticsDayMapper' mapperInterface. Bean already defined with the same name!
2019-12-30 08:17:41.991 [main] WARN  tk.mybatis.spring.mapper.ClassPathMapperScanner - Skipping MapperFactoryBean with name 'prdStatisticsMonthMapper' and 'com.cisdi.info.mapper.PrdStatisticsMonthMapper' mapperInterface. Bean already defined with the same name!
2019-12-30 08:17:41.992 [main] WARN  tk.mybatis.spring.mapper.ClassPathMapperScanner - Skipping MapperFactoryBean with name 'prdStopDetailDayMapper' and 'com.cisdi.info.mapper.PrdStopDetailDayMapper' mapperInterface. Bean already defined with the same name!
2019-12-30 08:17:41.992 [main] WARN  tk.mybatis.spring.mapper.ClassPathMapperScanner - Skipping MapperFactoryBean with name 'produceViewMapper' and 'com.cisdi.info.mapper.ProduceViewMapper' mapperInterface. Bean already defined with the same name!
2019-12-30 08:17:41.992 [main] WARN  tk.mybatis.spring.mapper.ClassPathMapperScanner - Skipping MapperFactoryBean with name 'qualityResultDataMapper' and 'com.cisdi.info.mapper.QualityResultDataMapper' mapperInterface. Bean already defined with the same name!
2019-12-30 08:17:41.992 [main] WARN  tk.mybatis.spring.mapper.ClassPathMapperScanner - Skipping MapperFactoryBean with name 'qualityStatisticsMapper' and 'com.cisdi.info.mapper.QualityStatisticsMapper' mapperInterface. Bean already defined with the same name!
2019-12-30 08:17:41.992 [main] WARN  tk.mybatis.spring.mapper.ClassPathMapperScanner - Skipping MapperFactoryBean with name 'qualityTrackingMapper' and 'com.cisdi.info.mapper.QualityTrackingMapper' mapperInterface. Bean already defined with the same name!
2019-12-30 08:17:41.992 [main] WARN  tk.mybatis.spring.mapper.ClassPathMapperScanner - Skipping MapperFactoryBean with name 'quartzTaskMapper' and 'com.cisdi.info.mapper.QuartzTaskMapper' mapperInterface. Bean already defined with the same name!
2019-12-30 08:17:41.992 [main] WARN  tk.mybatis.spring.mapper.ClassPathMapperScanner - Skipping MapperFactoryBean with name 'reportIndexMapper' and 'com.cisdi.info.mapper.ReportIndexMapper' mapperInterface. Bean already defined with the same name!
2019-12-30 08:17:41.992 [main] WARN  tk.mybatis.spring.mapper.ClassPathMapperScanner - Skipping MapperFactoryBean with name 'reportMapper' and 'com.cisdi.info.mapper.ReportMapper' mapperInterface. Bean already defined with the same name!
2019-12-30 08:17:41.992 [main] WARN  tk.mybatis.spring.mapper.ClassPathMapperScanner - Skipping MapperFactoryBean with name 'rollRegulationMapper' and 'com.cisdi.info.mapper.RollRegulationMapper' mapperInterface. Bean already defined with the same name!
2019-12-30 08:17:41.992 [main] WARN  tk.mybatis.spring.mapper.ClassPathMapperScanner - Skipping MapperFactoryBean with name 'specificationMapper' and 'com.cisdi.info.mapper.SpecificationMapper' mapperInterface. Bean already defined with the same name!
2019-12-30 08:17:41.992 [main] WARN  tk.mybatis.spring.mapper.ClassPathMapperScanner - Skipping MapperFactoryBean with name 'steelEnergyPerBilletMapper' and 'com.cisdi.info.mapper.SteelEnergyPerBilletMapper' mapperInterface. Bean already defined with the same name!
2019-12-30 08:17:41.993 [main] WARN  tk.mybatis.spring.mapper.ClassPathMapperScanner - Skipping MapperFactoryBean with name 'steelEnergyPerDayMapper' and 'com.cisdi.info.mapper.SteelEnergyPerDayMapper' mapperInterface. Bean already defined with the same name!
2019-12-30 08:17:41.993 [main] WARN  tk.mybatis.spring.mapper.ClassPathMapperScanner - Skipping MapperFactoryBean with name 'steelEnergyPerHourMapper' and 'com.cisdi.info.mapper.SteelEnergyPerHourMapper' mapperInterface. Bean already defined with the same name!
2019-12-30 08:17:41.993 [main] WARN  tk.mybatis.spring.mapper.ClassPathMapperScanner - Skipping MapperFactoryBean with name 'steelEnergyPerSignMapper' and 'com.cisdi.info.mapper.SteelEnergyPerSignMapper' mapperInterface. Bean already defined with the same name!
2019-12-30 08:17:41.993 [main] WARN  tk.mybatis.spring.mapper.ClassPathMapperScanner - Skipping MapperFactoryBean with name 'steelHeatProcessMapper' and 'com.cisdi.info.mapper.SteelHeatProcessMapper' mapperInterface. Bean already defined with the same name!
2019-12-30 08:17:41.993 [main] WARN  tk.mybatis.spring.mapper.ClassPathMapperScanner - Skipping MapperFactoryBean with name 'steelOeeDataMapper' and 'com.cisdi.info.mapper.SteelOeeDataMapper' mapperInterface. Bean already defined with the same name!
2019-12-30 08:17:41.993 [main] WARN  tk.mybatis.spring.mapper.ClassPathMapperScanner - Skipping MapperFactoryBean with name 'steelYieldDetailMapper' and 'com.cisdi.info.mapper.SteelYieldDetailMapper' mapperInterface. Bean already defined with the same name!
2019-12-30 08:17:41.993 [main] WARN  tk.mybatis.spring.mapper.ClassPathMapperScanner - Skipping MapperFactoryBean with name 'steelYieldNumMapper' and 'com.cisdi.info.mapper.SteelYieldNumMapper' mapperInterface. Bean already defined with the same name!
2019-12-30 08:17:41.993 [main] WARN  tk.mybatis.spring.mapper.ClassPathMapperScanner - Skipping MapperFactoryBean with name 'sumStopDataMapper' and 'com.cisdi.info.mapper.SumStopDataMapper' mapperInterface. Bean already defined with the same name!
2019-12-30 08:17:41.993 [main] WARN  tk.mybatis.spring.mapper.ClassPathMapperScanner - Skipping MapperFactoryBean with name 'sysMenuMapper' and 'com.cisdi.info.mapper.SysMenuMapper' mapperInterface. Bean already defined with the same name!
2019-12-30 08:17:41.993 [main] WARN  tk.mybatis.spring.mapper.ClassPathMapperScanner - Skipping MapperFactoryBean with name 'sysRoleMapper' and 'com.cisdi.info.mapper.SysRoleMapper' mapperInterface. Bean already defined with the same name!
2019-12-30 08:17:41.993 [main] WARN  tk.mybatis.spring.mapper.ClassPathMapperScanner - Skipping MapperFactoryBean with name 'sysRoleMenuMapper' and 'com.cisdi.info.mapper.SysRoleMenuMapper' mapperInterface. Bean already defined with the same name!
2019-12-30 08:17:41.993 [main] WARN  tk.mybatis.spring.mapper.ClassPathMapperScanner - Skipping MapperFactoryBean with name 'sysUserMapper' and 'com.cisdi.info.mapper.SysUserMapper' mapperInterface. Bean already defined with the same name!
2019-12-30 08:17:41.993 [main] WARN  tk.mybatis.spring.mapper.ClassPathMapperScanner - Skipping MapperFactoryBean with name 'tableMapper' and 'com.cisdi.info.mapper.TableMapper' mapperInterface. Bean already defined with the same name!
2019-12-30 08:17:41.994 [main] WARN  tk.mybatis.spring.mapper.ClassPathMapperScanner - Skipping MapperFactoryBean with name 'wireContractProcessInfoMapper' and 'com.cisdi.info.mapper.WireContractProcessInfoMapper' mapperInterface. Bean already defined with the same name!
2019-12-30 08:17:41.994 [main] WARN  tk.mybatis.spring.mapper.ClassPathMapperScanner - Skipping MapperFactoryBean with name 'yieldPlanMapper' and 'com.cisdi.info.mapper.YieldPlanMapper' mapperInterface. Bean already defined with the same name!
2019-12-30 08:17:41.994 [main] WARN  tk.mybatis.spring.mapper.ClassPathMapperScanner - Skipping MapperFactoryBean with name 'b3FurBilletChargeTrackingMapper' and 'com.cisdi.info.slavemapper.B3FurBilletChargeTrackingMapper' mapperInterface. Bean already defined with the same name!
2019-12-30 08:17:41.994 [main] WARN  tk.mybatis.spring.mapper.ClassPathMapperScanner - Skipping MapperFactoryBean with name 'gasDataMapper' and 'com.cisdi.info.slavemapper.GasDataMapper' mapperInterface. Bean already defined with the same name!
2019-12-30 08:17:41.994 [main] WARN  tk.mybatis.spring.mapper.ClassPathMapperScanner - Skipping MapperFactoryBean with name 'getSlaveDataMapper' and 'com.cisdi.info.slavemapper.GetSlaveDataMapper' mapperInterface. Bean already defined with the same name!
2019-12-30 08:17:41.994 [main] WARN  tk.mybatis.spring.mapper.ClassPathMapperScanner - Skipping MapperFactoryBean with name 'heatProcessMapper' and 'com.cisdi.info.slavemapper.HeatProcessMapper' mapperInterface. Bean already defined with the same name!
2019-12-30 08:17:41.994 [main] WARN  tk.mybatis.spring.mapper.ClassPathMapperScanner - Skipping MapperFactoryBean with name 'realTimeMonitorMapper' and 'com.cisdi.info.slavemapper.RealTimeMonitorMapper' mapperInterface. Bean already defined with the same name!
2019-12-30 08:17:41.994 [main] WARN  tk.mybatis.spring.mapper.ClassPathMapperScanner - No MyBatis mapper was found in '[com.cisdi.info]' package. Please check your configuration.
2019-12-30 08:17:42.057 [main] INFO  o.s.d.r.config.RepositoryConfigurationDelegate - Multiple Spring Data modules found, entering strict repository configuration mode!
2019-12-30 08:17:42.060 [main] INFO  o.s.d.r.config.RepositoryConfigurationDelegate - Bootstrapping Spring Data repositories in DEFAULT mode.
2019-12-30 08:17:42.130 [main] INFO  o.s.d.r.config.RepositoryConfigurationDelegate - Finished Spring Data repository scanning in 47ms. Found 0 repository interfaces.
2019-12-30 08:17:42.599 [main] INFO  o.s.c.s.PostProcessorRegistrationDelegate$BeanPostProcessorChecker - Bean 'org.springframework.transaction.annotation.ProxyTransactionManagementConfiguration' of type [org.springframework.transaction.annotation.ProxyTransactionManagementConfiguration$$EnhancerBySpringCGLIB$$3f27c70f] is not eligible for getting processed by all BeanPostProcessors (for example: not eligible for auto-proxying)
2019-12-30 08:17:42.968 [main] INFO  o.s.boot.web.embedded.tomcat.TomcatWebServer - Tomcat initialized with port(s): 8082 (http)
2019-12-30 08:17:42.984 [main] INFO  org.apache.coyote.http11.Http11NioProtocol - Initializing ProtocolHandler ["http-nio-8082"]
2019-12-30 08:17:42.997 [main] INFO  org.apache.catalina.core.StandardService - Starting service [Tomcat]
2019-12-30 08:17:42.998 [main] INFO  org.apache.catalina.core.StandardEngine - Starting Servlet engine: [Apache Tomcat/9.0.17]
2019-12-30 08:17:43.121 [main] INFO  o.a.c.core.ContainerBase.[Tomcat].[localhost].[/] - Initializing Spring embedded WebApplicationContext
2019-12-30 08:17:43.121 [main] INFO  org.springframework.web.context.ContextLoader - Root WebApplicationContext: initialization completed in 2166 ms
2019-12-30 08:17:58.540 [main] INFO  o.s.scheduling.concurrent.ThreadPoolTaskExecutor - Initializing ExecutorService 'applicationTaskExecutor'
2019-12-30 08:17:58.720 [main] INFO  t.mybatis.mapper.autoconfigure.MapperCacheDisabler - Clear tk.mybatis.mapper.util.MsUtil CLASS_CACHE cache.
2019-12-30 08:17:58.722 [main] INFO  t.mybatis.mapper.autoconfigure.MapperCacheDisabler - Clear tk.mybatis.mapper.genid.GenIdUtil CACHE cache.
2019-12-30 08:17:58.724 [main] INFO  t.mybatis.mapper.autoconfigure.MapperCacheDisabler - Clear tk.mybatis.mapper.version.VersionUtil CACHE cache.
2019-12-30 08:17:58.726 [main] INFO  t.mybatis.mapper.autoconfigure.MapperCacheDisabler - Clear EntityHelper entityTableMap cache.
2019-12-30 08:17:59.600 [main] INFO  org.apache.coyote.http11.Http11NioProtocol - Starting ProtocolHandler ["http-nio-8082"]
2019-12-30 08:17:59.628 [main] INFO  o.s.boot.web.embedded.tomcat.TomcatWebServer - Tomcat started on port(s): 8082 (http) with context path ''
2019-12-30 08:18:15.255 [http-nio-8082-exec-1] INFO  o.a.c.core.ContainerBase.[Tomcat].[localhost].[/] - Initializing Spring DispatcherServlet 'dispatcherServlet'
2019-12-30 08:18:15.255 [http-nio-8082-exec-1] INFO  org.springframework.web.servlet.DispatcherServlet - Initializing Servlet 'dispatcherServlet'
2019-12-30 08:18:15.263 [http-nio-8082-exec-1] INFO  org.springframework.web.servlet.DispatcherServlet - Completed initialization in 8 ms
2019-12-30 08:18:15.520 [http-nio-8082-exec-1] INFO  com.alibaba.druid.pool.DruidDataSource - {dataSource-1} inited
2019-12-30 08:18:16.658 [pool-1-thread-7] INFO  com.alibaba.druid.pool.DruidDataSource - {dataSource-2} inited
